Detecting C compiler ABI info failed to compile with the following output:
Change Dir: /home/kbpoyo/code/cpp/MyOs/build/CMakeFiles/CMakeTmp

Run Build Command(s):/usr/bin/gmake -f Makefile cmTC_ec222/fast && /usr/bin/gmake  -f CMakeFiles/cmTC_ec222.dir/build.make CMakeFiles/cmTC_ec222.dir/build
gmake[1]: Entering directory '/home/kbpoyo/code/cpp/MyOs/build/CMakeFiles/CMakeTmp'
Building C object CMakeFiles/cmTC_ec222.dir/CMakeCCompilerABI.c.o
/usr/bin/gcc   -g -c -O0 -m32 -fno-pie -fno-stack-protector -fno-asynchronous-unwind-tables    -v -o CMakeFiles/cmTC_ec222.dir/CMakeCCompilerABI.c.o -c /usr/share/cmake-3.22/Modules/CMakeCCompilerABI.c
Using built-in specs.
COLLECT_GCC=/usr/bin/gcc
OFFLOAD_TARGET_NAMES=nvptx-none:amdgcn-amdhsa
OFFLOAD_TARGET_DEFAULT=1
Target: x86_64-linux-gnu
Configured with: ../src/configure -v --with-pkgversion='Ubuntu 11.3.0-1ubuntu1~22.04' --with-bugurl=file:///usr/share/doc/gcc-11/README.Bugs --enable-languages=c,ada,c++,go,brig,d,fortran,objc,obj-c++,m2 --prefix=/usr --with-gcc-major-version-only --program-suffix=-11 --program-prefix=x86_64-linux-gnu- --enable-shared --enable-linker-build-id --libexecdir=/usr/lib --without-included-gettext --enable-threads=posix --libdir=/usr/lib --enable-nls --enable-bootstrap --enable-clocale=gnu --enable-libstdcxx-debug --enable-libstdcxx-time=yes --with-default-libstdcxx-abi=new --enable-gnu-unique-object --disable-vtable-verify --enable-plugin --enable-default-pie --with-system-zlib --enable-libphobos-checking=release --with-target-system-zlib=auto --enable-objc-gc=auto --enable-multiarch --disable-werror --enable-cet --with-arch-32=i686 --with-abi=m64 --with-multilib-list=m32,m64,mx32 --enable-multilib --with-tune=generic --enable-offload-targets=nvptx-none=/build/gcc-11-xKiWfi/gcc-11-11.3.0/debian/tmp-nvptx/usr,amdgcn-amdhsa=/build/gcc-11-xKiWfi/gcc-11-11.3.0/debian/tmp-gcn/usr --without-cuda-driver --enable-checking=release --build=x86_64-linux-gnu --host=x86_64-linux-gnu --target=x86_64-linux-gnu --with-build-config=bootstrap-lto-lean --enable-link-serialization=2
Thread model: posix
Supported LTO compression algorithms: zlib zstd
gcc version 11.3.0 (Ubuntu 11.3.0-1ubuntu1~22.04) 
COLLECT_GCC_OPTIONS='-g' '-c' '-O0' '-m32' '-fno-pie' '-fno-stack-protector' '-fno-asynchronous-unwind-tables' '-v' '-o' 'CMakeFiles/cmTC_ec222.dir/CMakeCCompilerABI.c.o' '-c' '-mtune=generic' '-march=i686' '-dumpdir' 'CMakeFiles/cmTC_ec222.dir/'
 /usr/lib/gcc/x86_64-linux-gnu/11/cc1 -quiet -v -imultilib 32 -imultiarch i386-linux-gnu /usr/share/cmake-3.22/Modules/CMakeCCompilerABI.c -quiet -dumpdir CMakeFiles/cmTC_ec222.dir/ -dumpbase CMakeCCompilerABI.c.c -dumpbase-ext .c -m32 -mtune=generic -march=i686 -g -O0 -version -fno-pie -fno-stack-protector -fno-asynchronous-unwind-tables -Wformat -Wformat-security -fstack-clash-protection -o /tmp/cc5991xy.s
GNU C17 (Ubuntu 11.3.0-1ubuntu1~22.04) version 11.3.0 (x86_64-linux-gnu)
	compiled by GNU C version 11.3.0, GMP version 6.2.1, MPFR version 4.1.0, MPC version 1.2.1, isl version isl-0.24-GMP

GGC heuristics: --param ggc-min-expand=100 --param ggc-min-heapsize=131072
ignoring nonexistent directory "/usr/local/include/i386-linux-gnu"
ignoring nonexistent directory "/usr/lib/gcc/x86_64-linux-gnu/11/include-fixed"
ignoring nonexistent directory "/usr/lib/gcc/x86_64-linux-gnu/11/../../../../x86_64-linux-gnu/include"
ignoring nonexistent directory "/usr/include/i386-linux-gnu"
#include "..." search starts here:
#include <...> search starts here:
 /usr/lib/gcc/x86_64-linux-gnu/11/include
 /usr/local/include
 /usr/include
End of search list.
GNU C17 (Ubuntu 11.3.0-1ubuntu1~22.04) version 11.3.0 (x86_64-linux-gnu)
	compiled by GNU C version 11.3.0, GMP version 6.2.1, MPFR version 4.1.0, MPC version 1.2.1, isl version isl-0.24-GMP

GGC heuristics: --param ggc-min-expand=100 --param ggc-min-heapsize=131072
Compiler executable checksum: 3f6cb05d963ad324b8f9442822c95179
COLLECT_GCC_OPTIONS='-g' '-c' '-O0' '-m32' '-fno-pie' '-fno-stack-protector' '-fno-asynchronous-unwind-tables' '-v' '-o' 'CMakeFiles/cmTC_ec222.dir/CMakeCCompilerABI.c.o' '-c' '-mtune=generic' '-march=i686' '-dumpdir' 'CMakeFiles/cmTC_ec222.dir/'
 as -v --gdwarf-5 --32 -o CMakeFiles/cmTC_ec222.dir/CMakeCCompilerABI.c.o /tmp/cc5991xy.s
GNU assembler version 2.38 (x86_64-linux-gnu) using BFD version (GNU Binutils for Ubuntu) 2.38
COMPILER_PATH=/usr/lib/gcc/x86_64-linux-gnu/11/:/usr/lib/gcc/x86_64-linux-gnu/11/:/usr/lib/gcc/x86_64-linux-gnu/:/usr/lib/gcc/x86_64-linux-gnu/11/:/usr/lib/gcc/x86_64-linux-gnu/
LIBRARY_PATH=/usr/lib/gcc/x86_64-linux-gnu/11/../../../../lib32/:/lib/../lib32/:/usr/lib/../lib32/:/usr/lib/gcc/x86_64-linux-gnu/11/:/usr/lib/gcc/x86_64-linux-gnu/11/../../../:/lib/:/usr/lib/
COLLECT_GCC_OPTIONS='-g' '-c' '-O0' '-m32' '-fno-pie' '-fno-stack-protector' '-fno-asynchronous-unwind-tables' '-v' '-o' 'CMakeFiles/cmTC_ec222.dir/CMakeCCompilerABI.c.o' '-c' '-mtune=generic' '-march=i686' '-dumpdir' 'CMakeFiles/cmTC_ec222.dir/CMakeCCompilerABI.c.'
Linking C executable cmTC_ec222
/usr/bin/cmake -E cmake_link_script CMakeFiles/cmTC_ec222.dir/link.txt --verbose=1
/usr/bin/gcc -g -c -O0 -m32 -fno-pie -fno-stack-protector -fno-asynchronous-unwind-tables   -v -rdynamic CMakeFiles/cmTC_ec222.dir/CMakeCCompilerABI.c.o -o cmTC_ec222 
Using built-in specs.
COLLECT_GCC=/usr/bin/gcc
OFFLOAD_TARGET_NAMES=nvptx-none:amdgcn-amdhsa
OFFLOAD_TARGET_DEFAULT=1
Target: x86_64-linux-gnu
Configured with: ../src/configure -v --with-pkgversion='Ubuntu 11.3.0-1ubuntu1~22.04' --with-bugurl=file:///usr/share/doc/gcc-11/README.Bugs --enable-languages=c,ada,c++,go,brig,d,fortran,objc,obj-c++,m2 --prefix=/usr --with-gcc-major-version-only --program-suffix=-11 --program-prefix=x86_64-linux-gnu- --enable-shared --enable-linker-build-id --libexecdir=/usr/lib --without-included-gettext --enable-threads=posix --libdir=/usr/lib --enable-nls --enable-bootstrap --enable-clocale=gnu --enable-libstdcxx-debug --enable-libstdcxx-time=yes --with-default-libstdcxx-abi=new --enable-gnu-unique-object --disable-vtable-verify --enable-plugin --enable-default-pie --with-system-zlib --enable-libphobos-checking=release --with-target-system-zlib=auto --enable-objc-gc=auto --enable-multiarch --disable-werror --enable-cet --with-arch-32=i686 --with-abi=m64 --with-multilib-list=m32,m64,mx32 --enable-multilib --with-tune=generic --enable-offload-targets=nvptx-none=/build/gcc-11-xKiWfi/gcc-11-11.3.0/debian/tmp-nvptx/usr,amdgcn-amdhsa=/build/gcc-11-xKiWfi/gcc-11-11.3.0/debian/tmp-gcn/usr --without-cuda-driver --enable-checking=release --build=x86_64-linux-gnu --host=x86_64-linux-gnu --target=x86_64-linux-gnu --with-build-config=bootstrap-lto-lean --enable-link-serialization=2
Thread model: posix
Supported LTO compression algorithms: zlib zstd
gcc version 11.3.0 (Ubuntu 11.3.0-1ubuntu1~22.04) 
COMPILER_PATH=/usr/lib/gcc/x86_64-linux-gnu/11/:/usr/lib/gcc/x86_64-linux-gnu/11/:/usr/lib/gcc/x86_64-linux-gnu/:/usr/lib/gcc/x86_64-linux-gnu/11/:/usr/lib/gcc/x86_64-linux-gnu/
LIBRARY_PATH=/usr/lib/gcc/x86_64-linux-gnu/11/../../../../lib32/:/lib/../lib32/:/usr/lib/../lib32/:/usr/lib/gcc/x86_64-linux-gnu/11/:/usr/lib/gcc/x86_64-linux-gnu/11/../../../:/lib/:/usr/lib/
COLLECT_GCC_OPTIONS='-g' '-c' '-O0' '-m32' '-fno-pie' '-fno-stack-protector' '-fno-asynchronous-unwind-tables' '-v' '-rdynamic' '-o' 'cmTC_ec222' '-mtune=generic' '-march=i686' '-dumpdir' 'cmTC_ec222.'
gcc: warning: CMakeFiles/cmTC_ec222.dir/CMakeCCompilerABI.c.o: linker input file unused because linking not done
gmake[1]: Leaving directory '/home/kbpoyo/code/cpp/MyOs/build/CMakeFiles/CMakeTmp'


Cannot copy output executable
  ''
to destination specified by COPY_FILE:
  '/home/kbpoyo/code/cpp/MyOs/build/CMakeFiles/3.22.1/CMakeDetermineCompilerABI_C.bin'
Unable to find the executable at any of:
  /home/kbpoyo/code/cpp/MyOs/build/CMakeFiles/CMakeTmp/cmTC_ec222
  /home/kbpoyo/code/cpp/MyOs/build/CMakeFiles/CMakeTmp/Debug/cmTC_ec222
  /home/kbpoyo/code/cpp/MyOs/build/CMakeFiles/CMakeTmp/Development/cmTC_ec222


